<?xml version="1.0" encoding="UTF-8"?>
<testsuite name="com.example.scalingdemo.ScalingdemoApplicationTests" tests="1" skipped="0" failures="0" errors="0" timestamp="2024-07-14T14:44:53" hostname="N43VCMF3LX" time="0.432">
  <properties/>
  <testcase name="contextLoads()" classname="com.example.scalingdemo.ScalingdemoApplicationTests" time="0.432"/>
  <system-out><![CDATA[10:44:52.796 [Test worker] INFO org.springframework.test.context.support.AnnotationConfigContextLoaderUtils -- Could not detect default configuration classes for test class [com.example.scalingdemo.ScalingdemoApplicationTests]: ScalingdemoApplicationTests does not declare any static, non-private, non-final, nested classes annotated with @Configuration.
10:44:52.857 [Test worker] INFO org.springframework.boot.test.context.SpringBootTestContextBootstrapper -- Found @SpringBootConfiguration com.example.scalingdemo.ScalingdemoApplication for test class com.example.scalingdemo.ScalingdemoApplicationTests

  .   ____          _            __ _ _
 /\\ / ___'_ __ _ _(_)_ __  __ _ \ \ \ \
( ( )\___ | '_ | '_| | '_ \/ _` | \ \ \ \
 \\/  ___)| |_)| | | | | || (_| |  ) ) ) )
  '  |____| .__|_| |_|_| |_\__, | / / / /
 =========|_|==============|___/=/_/_/_/

 :: Spring Boot ::                (v3.3.1)

2024-07-14T10:44:53.030-04:00  INFO 22352 --- [scalingdemo] [    Test worker] c.e.s.ScalingdemoApplicationTests        : Starting ScalingdemoApplicationTests using Java 17.0.9 with PID 22352 (started by satyaagarwal in /Users/satyaagarwal/Downloads/scalingdemo)
2024-07-14T10:44:53.030-04:00  INFO 22352 --- [scalingdemo] [    Test worker] c.e.s.ScalingdemoApplicationTests        : No active profile set, falling back to 1 default profile: "default"
2024-07-14T10:44:53.761-04:00  INFO 22352 --- [scalingdemo] [    Test worker] o.s.b.a.e.web.EndpointLinksResolver      : Exposing 1 endpoint beneath base path '/actuator'
2024-07-14T10:44:53.793-04:00  INFO 22352 --- [scalingdemo] [    Test worker] c.e.s.ScalingdemoApplicationTests        : Started ScalingdemoApplicationTests in 0.875 seconds (process running for 1.468)
]]></system-out>
  <system-err><![CDATA[]]></system-err>
</testsuite>
